<?xml version="1.0" encoding="UTF-8"?>
<testng-results ignored="0" total="1" passed="1" failed="0" skipped="0">
  <reporter-output>
  </reporter-output>
  <suite started-at="2024-10-17T20:08:58 IST" name="Suite" finished-at="2024-10-17T20:09:01 IST" duration-ms="3022">
    <groups>
    </groups>
    <test started-at="2024-10-17T20:08:58 IST" name="Test" finished-at="2024-10-17T20:09:01 IST" duration-ms="3022">
      <class name="mahenderdevops.mahenderdevops.mahiclass">
        <test-method signature="start()[pri:0, instance:mahenderdevops.mahenderdevops.mahiclass@3911c2a7]" started-at="2024-10-17T20:08:58 IST" name="start" finished-at="2024-10-17T20:09:01 IST" duration-ms="2970" status="PASS">
          <reporter-output>
          </reporter-output>
        </test-method> <!-- start -->
      </class> <!-- mahenderdevops.mahenderdevops.mahiclass -->
    </test> <!-- Test -->
  </suite> <!-- Suite -->
</testng-results>
