<?xml version="1.0" encoding="UTF-8"?>
<testng-results ignored="0" total="1" passed="1" failed="0" skipped="0">
  <reporter-output>
  </reporter-output>
  <suite started-at="2024-10-17T10:30:06 IST" name="Default suite" finished-at="2024-10-17T10:30:13 IST" duration-ms="7421">
    <groups>
    </groups>
    <test started-at="2024-10-17T10:30:06 IST" name="Default test" finished-at="2024-10-17T10:30:13 IST" duration-ms="7421">
      <class name="mahenderdevops.mahenderdevops.mahiclass">
        <test-method signature="start()[pri:0, instance:mahenderdevops.mahenderdevops.mahiclass@7e6f74c]" started-at="2024-10-17T10:30:06 IST" name="start" finished-at="2024-10-17T10:30:13 IST" duration-ms="7373" status="PASS">
          <reporter-output>
          </reporter-output>
        </test-method> <!-- start -->
      </class> <!-- mahenderdevops.mahenderdevops.mahiclass -->
    </test> <!-- Default test -->
  </suite> <!-- Default suite -->
</testng-results>
